<?xml version="1.0" encoding="UTF-8" ?>
<testsuite tests="1" failures="0" name="com.example.sim.helloworld.AppTest" time="0" errors="0" skipped="0">
  <properties>
    <property name="java.runtime.name" value="Java(TM) SE Runtime Environment"/>
    <property name="sun.boot.library.path" value="C:\Program Files\Java\jdk1.8.0_65\jre\bin"/>
    <property name="java.vm.version" value="25.65-b01"/>
    <property name="rebel.native.bootstrap" value="C:\Users\DC\.jrebel\bootcache\jrebel-bootstrap-f18b1c3617fe9542487d864f5532b0bb.jar"/>
    <property name="java.vm.vendor" value="Oracle Corporation"/>
    <property name="maven.multiModuleProjectDirectory" value="E:/workspace-sts/spring-cloud-group"/>
    <property name="java.vendor.url" value="http://java.oracle.com/"/>
    <property name="path.separator" value=";"/>
    <property name="guice.disable.misplaced.annotation.check" value="true"/>
    <property name="java.vm.name" value="Java HotSpot(TM) 64-Bit Server VM"/>
    <property name="file.encoding.pkg" value="sun.io"/>
    <property name="user.script" value=""/>
    <property name="user.country" value="CN"/>
    <property name="sun.java.launcher" value="SUN_STANDARD"/>
    <property name="sun.os.patch.level" value=""/>
    <property name="java.vm.specification.name" value="Java Virtual Machine Specification"/>
    <property name="user.dir" value="E:\workspace-sts\spring-cloud-group"/>
    <property name="java.runtime.version" value="1.8.0_65-b17"/>
    <property name="java.awt.graphicsenv" value="sun.awt.Win32GraphicsEnvironment"/>
    <property name="java.endorsed.dirs" value="C:\Program Files\Java\jdk1.8.0_65\jre\lib\endorsed"/>
    <property name="os.arch" value="amd64"/>
    <property name="java.io.tmpdir" value="C:\Users\DC\AppData\Local\Temp\"/>
    <property name="rebel.native.image" value="E:\DC\jrebel_6.5.2_agent_crack\lib\jrebel64.dll"/>
    <property name="line.separator" value="
"/>
    <property name="java.vm.specification.vendor" value="Oracle Corporation"/>
    <property name="user.variant" value=""/>
    <property name="os.name" value="Windows 10"/>
    <property name="classworlds.conf" value="E:/DC/Maven/apache-maven-3.3.9-bin/apache-maven-3.3.9/bin/m2.conf"/>
    <property name="sun.jnu.encoding" value="GBK"/>
    <property name="rebel.native.jar" value="E:\DC\jrebel_6.5.2_agent_crack\jrebel.jar"/>
    <property name="java.library.path" value="C:\Program Files\Java\jdk1.8.0_65\bin;C:\WINDOWS\Sun\Java\bin;C:\WINDOWS\system32;C:\WINDOWS;C:\Users\DC\bin;C:\Program Files\Git\mingw64\bin;C:\Program Files\Git\usr\local\bin;C:\Program Files\Git\usr\bin;C:\Program Files\Git\usr\bin;C:\Program Files\Git\mingw64\bin;C:\Program Files\Git\usr\bin;C:\ProgramData\Oracle\Java\javapath;C:\Program Files (x86)\Intel\iCLS Client;C:\Program Files\Intel\iCLS Client;C:\WINDOWS\system32;C:\WINDOWS;C:\WINDOWS\System32\Wbem;C:\WINDOWS\System32\WindowsPowerShell\v1.0;C:\Program Files\Intel\Intel(R) Management Engine Components\DAL;C:\Program Files\Intel\Intel(R) Management Engine Components\IPT;C:\Program Files (x86)\Intel\Intel(R) Management Engine Components\DAL;C:\Program Files (x86)\Intel\Intel(R) Management Engine Components\IPT;C:\Program Files\TortoiseSVN\bin;C:\Program Files\Java\jdk1.8.0_65\bin;C:\Users\DC\AppData\Local\Android\sdk\platform-tools;C:\WINDOWS\system32\config\systemprofile\.dnx\bin;C:\Program Files\Microsoft DNX\Dnvm;C:\Program Files (x86)\MySQL\MySQL Fabric 1.5 &amp; MySQL Utilities 1.5;C:\Program Files (x86)\MySQL\MySQL Fabric 1.5 &amp; MySQL Utilities 1.5\Doctrine extensions for PHP;C:\Users\DC\Downloads\jeesite-master\doc\maven\maven3\bin;E:\DC\Maven\apache-maven-3.3.9-bin\apache-maven-3.3.9\bin;E:\DC\Maven\nexus-2.11.1-01\bin;C:\ProgramData\chocolatey\bin;C:\Program Files (x86)\Subversion\bin;%MAVEN_HOME%\bin;E:\DC\apache-ant-1.9.7\bin;C:\Python27\Scripts;C:\Program Files\TortoiseGit\bin;C:\Program Files\Docker Toolbox;E:\DC\sonar-scanner-2.8\bin;%ANT_HOME%\bin;%ANT_HOME%\lib;%ANDROID_HOME%;%ANDROID_HOME%\platform-tools;%JMETER_HOME%\lib\ext\ApacheJMeter_core.jar;%JMETER_HOME%\lib\jorphan.jar;%JMETER_HOME%\lib\logkit-2.0.jar;C:\Program Files\nodejs;E:\DC\spring-boot-cli-1.5.1.RELEASE-bin\spring-1.5.1.RELEASE\bin;C:\Program Files\Git\cmd;%DOCKER_HOST%;%DOCKER_CERT_PATH%;%DOCKER_TLS_VERIFY%;C:\PROGRA~2\Groovy\GROOVY~1.8\bin;C:\Go\bin;C:\Ruby23\bin;C:\Program Files (x86)\SSH Communications Security\SSH Secure Shell;C:\Python27;C:\Users\DC\AppData\Local\Microsoft\WindowsApps;C:\Users\DC\AppData\Roaming\npm;C:\Program Files\Docker Toolbox;C:\Program Files\Git\usr\bin\vendor_perl;C:\Program Files\Git\usr\bin\core_perl;."/>
    <property name="java.specification.name" value="Java Platform API Specification"/>
    <property name="java.class.version" value="52.0"/>
    <property name="sun.management.compiler" value="HotSpot 64-Bit Tiered Compilers"/>
    <property name="os.version" value="10.0"/>
    <property name="user.home" value="C:\Users\DC"/>
    <property name="user.timezone" value="Asia/Shanghai"/>
    <property name="java.awt.printerjob" value="sun.awt.windows.WPrinterJob"/>
    <property name="java.specification.version" value="1.8"/>
    <property name="file.encoding" value="GBK"/>
    <property name="rebel.jar.location" value="E:\DC\jrebel_6.5.2_agent_crack\jrebel.jar"/>
    <property name="user.name" value="DC"/>
    <property name="java.class.path" value="E:/DC/Maven/apache-maven-3.3.9-bin/apache-maven-3.3.9/boot/plexus-classworlds-2.5.2.jar"/>
    <property name="java.vm.specification.version" value="1.8"/>
    <property name="sun.arch.data.model" value="64"/>
    <property name="java.home" value="C:\Program Files\Java\jdk1.8.0_65\jre"/>
    <property name="sun.java.command" value="org.codehaus.plexus.classworlds.launcher.Launcher clean package"/>
    <property name="java.specification.vendor" value="Oracle Corporation"/>
    <property name="user.language" value="zh"/>
    <property name="awt.toolkit" value="sun.awt.windows.WToolkit"/>
    <property name="java.vm.info" value="mixed mode"/>
    <property name="java.version" value="1.8.0_65"/>
    <property name="java.ext.dirs" value="C:\Program Files\Java\jdk1.8.0_65\jre\lib\ext;C:\WINDOWS\Sun\Java\lib\ext"/>
    <property name="sun.boot.class.path" value="C:\Users\DC\.jrebel\bootcache\jrebel-bootstrap-f18b1c3617fe9542487d864f5532b0bb.jar;C:\Program Files\Java\jdk1.8.0_65\jre\lib\resources.jar;C:\Program Files\Java\jdk1.8.0_65\jre\lib\rt.jar;C:\Program Files\Java\jdk1.8.0_65\jre\lib\sunrsasign.jar;C:\Program Files\Java\jdk1.8.0_65\jre\lib\jsse.jar;C:\Program Files\Java\jdk1.8.0_65\jre\lib\jce.jar;C:\Program Files\Java\jdk1.8.0_65\jre\lib\charsets.jar;C:\Program Files\Java\jdk1.8.0_65\jre\lib\jfr.jar;C:\Program Files\Java\jdk1.8.0_65\jre\classes;E:\DC\jrebel_6.5.2_agent_crack\jrebel.jar"/>
    <property name="java.vendor" value="Oracle Corporation"/>
    <property name="maven.home" value="E:\DC\Maven\apache-maven-3.3.9-bin\apache-maven-3.3.9"/>
    <property name="file.separator" value="\"/>
    <property name="java.vendor.url.bug" value="http://bugreport.sun.com/bugreport/"/>
    <property name="sun.cpu.endian" value="little"/>
    <property name="sun.io.unicode.encoding" value="UnicodeLittle"/>
    <property name="sun.desktop" value="windows"/>
    <property name="sun.cpu.isalist" value="amd64"/>
  </properties>
  <testcase classname="com.example.sim.helloworld.AppTest" name="testApp" time="0"/>
</testsuite>